[t=0] Log started.
[t=1] Static cBuf size after adding id is 5 with CByteArray [ 0 0 0 0 0 ]
[t=1] 
[t=1] Static cBuf size after adding age is 13 with CByteArray [ 0 0 0 0 0 0 0 0 0 0 0 0 1 ]
[t=1] 
[t=1] Target Robot 0 broadcasting message with a size of 101 CByteArray [ 0 0 0 0 0 0 0 0 0 0 0 0 1 0 0 0 0 0 0 0 0 0 0 0 0 0 0 0 0 0 0 0 0 0 0 0 0 0 0 0 0 0 0 0 0 0 0 0 0 0 0 0 0 0 0 0 0 0 0 0 0 0 0 0 0 0 0 0 0 0 0 0 0 0 0 0 0 0 0 0 0 0 0 0 0 0 0 0 0 0 0 0 0 0 0 0 0 0 0 0 0 ]
[t=1] 
[t=1] Static cBuf size after adding id is 5 with CByteArray [ 1 0 0 0 0 ]
[t=1] 
[t=1] Static cBuf size after adding age is 13 with CByteArray [ 1 0 0 0 0 0 0 0 0 0 0 0 1 ]
[t=1] 
[t=1] Target Robot 1 broadcasting message with a size of 101 CByteArray [ 1 0 0 0 0 0 0 0 0 0 0 0 1 0 0 0 0 0 0 0 0 0 0 0 0 0 0 0 0 0 0 0 0 0 0 0 0 0 0 0 0 0 0 0 0 0 0 0 0 0 0 0 0 0 0 0 0 0 0 0 0 0 0 0 0 0 0 0 0 0 0 0 0 0 0 0 0 0 0 0 0 0 0 0 0 0 0 0 0 0 0 0 0 0 0 0 0 0 0 0 0 ]
[t=1] 
[t=1] Mobile Robot 0 is RESTING!
[t=1] 
[t=1] Mobile Robot 0 Starting Random Exploration!
[t=1] Mobile Robot is broadcasting this table: 
[t=1] [Goal 0: [Age: 0], [Angle: 0], [Distance: 0], 
[t=1] [Goal 1: [Age: 0], [Angle: 0], [Distance: 0], 
[t=1] Mobile Robot 0 broadcasting CByteArray [ 99 0 0 0 0 0 0 0 0 0 0 0 0 0 0 0 0 0 0 0 0 0 0 0 0 0 0 0 0 0 0 0 0 0 0 0 0 0 0 0 0 0 0 0 0 0 0 0 0 0 0 0 0 0 0 0 0 0 0 0 0 0 0 0 0 0 0 0 0 0 0 0 0 0 0 0 0 0 0 0 0 0 0 0 0 0 0 0 0 0 0 0 0 0 0 0 0 0 0 0 0 ]
[t=1] 
[t=1] Mobile Robot 1 is RESTING!
[t=1] 
[t=1] Mobile Robot 1 Starting Random Exploration!
[t=1] Mobile Robot is broadcasting this table: 
[t=1] [Goal 0: [Age: 0], [Angle: 0], [Distance: 0], 
[t=1] [Goal 1: [Age: 0], [Angle: 0], [Distance: 0], 
[t=1] Mobile Robot 1 broadcasting CByteArray [ 99 0 0 0 0 0 0 0 0 0 0 0 0 0 0 0 0 0 0 0 0 0 0 0 0 0 0 0 0 0 0 0 0 0 0 0 0 0 0 0 0 0 0 0 0 0 0 0 0 0 0 0 0 0 0 0 0 0 0 0 0 0 0 0 0 0 0 0 0 0 0 0 0 0 0 0 0 0 0 0 0 0 0 0 0 0 0 0 0 0 0 0 0 0 0 0 0 0 0 0 0 ]
[t=1] 
[t=1] Mobile Robot 2 is RESTING!
[t=1] 
[t=1] Mobile Robot 2 Starting Random Exploration!
[t=1] Mobile Robot is broadcasting this table: 
[t=1] [Goal 0: [Age: 0], [Angle: 0], [Distance: 0], 
[t=1] [Goal 1: [Age: 0], [Angle: 0], [Distance: 0], 
[t=1] Mobile Robot 2 broadcasting CByteArray [ 99 0 0 0 0 0 0 0 0 0 0 0 0 0 0 0 0 0 0 0 0 0 0 0 0 0 0 0 0 0 0 0 0 0 0 0 0 0 0 0 0 0 0 0 0 0 0 0 0 0 0 0 0 0 0 0 0 0 0 0 0 0 0 0 0 0 0 0 0 0 0 0 0 0 0 0 0 0 0 0 0 0 0 0 0 0 0 0 0 0 0 0 0 0 0 0 0 0 0 0 0 ]
[t=1] 
[t=1] Mobile Robot 3 is RESTING!
[t=1] 
[t=1] Mobile Robot 3 Starting Random Exploration!
[t=1] Mobile Robot is broadcasting this table: 
[t=1] [Goal 0: [Age: 0], [Angle: 0], [Distance: 0], 
[t=1] [Goal 1: [Age: 0], [Angle: 0], [Distance: 0], 
[t=1] Mobile Robot 3 broadcasting CByteArray [ 99 0 0 0 0 0 0 0 0 0 0 0 0 0 0 0 0 0 0 0 0 0 0 0 0 0 0 0 0 0 0 0 0 0 0 0 0 0 0 0 0 0 0 0 0 0 0 0 0 0 0 0 0 0 0 0 0 0 0 0 0 0 0 0 0 0 0 0 0 0 0 0 0 0 0 0 0 0 0 0 0 0 0 0 0 0 0 0 0 0 0 0 0 0 0 0 0 0 0 0 0 ]
[t=1] 
[t=1] Mobile Robot 4 is RESTING!
[t=1] 
[t=1] Mobile Robot 4 Starting Random Exploration!
[t=1] Mobile Robot is broadcasting this table: 
[t=1] [Goal 0: [Age: 0], [Angle: 0], [Distance: 0], 
[t=1] [Goal 1: [Age: 0], [Angle: 0], [Distance: 0], 
[t=1] Mobile Robot 4 broadcasting CByteArray [ 99 0 0 0 0 0 0 0 0 0 0 0 0 0 0 0 0 0 0 0 0 0 0 0 0 0 0 0 0 0 0 0 0 0 0 0 0 0 0 0 0 0 0 0 0 0 0 0 0 0 0 0 0 0 0 0 0 0 0 0 0 0 0 0 0 0 0 0 0 0 0 0 0 0 0 0 0 0 0 0 0 0 0 0 0 0 0 0 0 0 0 0 0 0 0 0 0 0 0 0 0 ]
[t=1] 
[t=1] Mobile Robot 5 is RESTING!
[t=1] 
[t=1] Mobile Robot 5 Starting Random Exploration!
[t=1] Mobile Robot is broadcasting this table: 
[t=1] [Goal 0: [Age: 0], [Angle: 0], [Distance: 0], 
[t=1] [Goal 1: [Age: 0], [Angle: 0], [Distance: 0], 
[t=1] Mobile Robot 5 broadcasting CByteArray [ 99 0 0 0 0 0 0 0 0 0 0 0 0 0 0 0 0 0 0 0 0 0 0 0 0 0 0 0 0 0 0 0 0 0 0 0 0 0 0 0 0 0 0 0 0 0 0 0 0 0 0 0 0 0 0 0 0 0 0 0 0 0 0 0 0 0 0 0 0 0 0 0 0 0 0 0 0 0 0 0 0 0 0 0 0 0 0 0 0 0 0 0 0 0 0 0 0 0 0 0 0 ]
[t=1] 
[t=1] Mobile Robot 6 is RESTING!
[t=1] 
[t=1] Mobile Robot 6 Starting Random Exploration!
[t=1] Mobile Robot is broadcasting this table: 
[t=1] [Goal 0: [Age: 0], [Angle: 0], [Distance: 0], 
[t=1] [Goal 1: [Age: 0], [Angle: 0], [Distance: 0], 
[t=1] Mobile Robot 6 broadcasting CByteArray [ 99 0 0 0 0 0 0 0 0 0 0 0 0 0 0 0 0 0 0 0 0 0 0 0 0 0 0 0 0 0 0 0 0 0 0 0 0 0 0 0 0 0 0 0 0 0 0 0 0 0 0 0 0 0 0 0 0 0 0 0 0 0 0 0 0 0 0 0 0 0 0 0 0 0 0 0 0 0 0 0 0 0 0 0 0 0 0 0 0 0 0 0 0 0 0 0 0 0 0 0 0 ]
[t=1] 
[t=1] Mobile Robot 7 is RESTING!
[t=1] 
[t=1] Mobile Robot 7 Starting Random Exploration!
[t=1] Mobile Robot is broadcasting this table: 
[t=1] [Goal 0: [Age: 0], [Angle: 0], [Distance: 0], 
[t=1] [Goal 1: [Age: 0], [Angle: 0], [Distance: 0], 
[t=1] Mobile Robot 7 broadcasting CByteArray [ 99 0 0 0 0 0 0 0 0 0 0 0 0 0 0 0 0 0 0 0 0 0 0 0 0 0 0 0 0 0 0 0 0 0 0 0 0 0 0 0 0 0 0 0 0 0 0 0 0 0 0 0 0 0 0 0 0 0 0 0 0 0 0 0 0 0 0 0 0 0 0 0 0 0 0 0 0 0 0 0 0 0 0 0 0 0 0 0 0 0 0 0 0 0 0 0 0 0 0 0 0 ]
[t=1] 
[t=1] Mobile Robot 8 is RESTING!
[t=1] 
[t=1] Mobile Robot 8 Starting Random Exploration!
[t=1] Mobile Robot is broadcasting this table: 
[t=1] [Goal 0: [Age: 0], [Angle: 0], [Distance: 0], 
[t=1] [Goal 1: [Age: 0], [Angle: 0], [Distance: 0], 
[t=1] Mobile Robot 8 broadcasting CByteArray [ 99 0 0 0 0 0 0 0 0 0 0 0 0 0 0 0 0 0 0 0 0 0 0 0 0 0 0 0 0 0 0 0 0 0 0 0 0 0 0 0 0 0 0 0 0 0 0 0 0 0 0 0 0 0 0 0 0 0 0 0 0 0 0 0 0 0 0 0 0 0 0 0 0 0 0 0 0 0 0 0 0 0 0 0 0 0 0 0 0 0 0 0 0 0 0 0 0 0 0 0 0 ]
[t=1] 
[t=1] Mobile Robot 9 is RESTING!
[t=1] 
[t=1] Mobile Robot 9 Starting Random Exploration!
[t=1] Mobile Robot is broadcasting this table: 
[t=1] [Goal 0: [Age: 0], [Angle: 0], [Distance: 0], 
[t=1] [Goal 1: [Age: 0], [Angle: 0], [Distance: 0], 
[t=1] Mobile Robot 9 broadcasting CByteArray [ 99 0 0 0 0 0 0 0 0 0 0 0 0 0 0 0 0 0 0 0 0 0 0 0 0 0 0 0 0 0 0 0 0 0 0 0 0 0 0 0 0 0 0 0 0 0 0 0 0 0 0 0 0 0 0 0 0 0 0 0 0 0 0 0 0 0 0 0 0 0 0 0 0 0 0 0 0 0 0 0 0 0 0 0 0 0 0 0 0 0 0 0 0 0 0 0 0 0 0 0 0 ]
[t=1] 
[t=2] Static cBuf size after adding id is 5 with CByteArray [ 0 0 0 0 0 ]
[t=2] 
[t=2] Static cBuf size after adding age is 13 with CByteArray [ 0 0 0 0 0 0 0 0 0 0 0 0 2 ]
[t=2] 
[t=2] Target Robot 0 broadcasting message with a size of 101 CByteArray [ 0 0 0 0 0 0 0 0 0 0 0 0 2 0 0 0 0 0 0 0 0 0 0 0 0 0 0 0 0 0 0 0 0 0 0 0 0 0 0 0 0 0 0 0 0 0 0 0 0 0 0 0 0 0 0 0 0 0 0 0 0 0 0 0 0 0 0 0 0 0 0 0 0 0 0 0 0 0 0 0 0 0 0 0 0 0 0 0 0 0 0 0 0 0 0 0 0 0 0 0 0 ]
[t=2] 
[t=2] Static cBuf size after adding id is 5 with CByteArray [ 1 0 0 0 0 ]
[t=2] 
[t=2] Static cBuf size after adding age is 13 with CByteArray [ 1 0 0 0 0 0 0 0 0 0 0 0 2 ]
[t=2] 
[t=2] Target Robot 1 broadcasting message with a size of 101 CByteArray [ 1 0 0 0 0 0 0 0 0 0 0 0 2 0 0 0 0 0 0 0 0 0 0 0 0 0 0 0 0 0 0 0 0 0 0 0 0 0 0 0 0 0 0 0 0 0 0 0 0 0 0 0 0 0 0 0 0 0 0 0 0 0 0 0 0 0 0 0 0 0 0 0 0 0 0 0 0 0 0 0 0 0 0 0 0 0 0 0 0 0 0 0 0 0 0 0 0 0 0 0 0 ]
[t=2] 
[t=2] Mobile Robot 0 Printing current info in table ....
[t=2] Current Goal 0: [Distance]: 0 [Angle]: 0
[t=2] Not Updating Odometry!
[t=2] Current Goal 1: [Distance]: 0 [Angle]: 0
[t=2] Not Updating Odometry!
[t=2] Mobile Robot 0 is RANDOM_EXPLORE!
[t=2] 
[t=2] Mobile Robot 0 employing NO_TURN! 
[t=2] Mobile Robot is broadcasting this table: 
[t=2] [Goal 0: [Age: 1], [Angle: 0.740871], [Distance: 212.839], 
[t=2] [Goal 1: [Age: 0], [Angle: 0], [Distance: 0], 
[t=2] Mobile Robot 0 broadcasting CByteArray [ 99 0 0 0 0 0 0 0 0 0 0 0 1 0 0 0 1 0 0 0 0 61 169 192 20 221 175 184 1 0 0 0 0 0 0 0 0 84 214 176 238 180 136 192 1 0 0 0 8 0 0 0 0 0 0 0 0 0 0 0 0 0 0 0 0 0 0 0 0 0 0 0 0 0 0 0 0 0 0 0 0 0 0 0 0 0 0 0 0 0 0 0 0 0 0 0 0 0 0 0 0 ]
[t=2] 
[t=2] Mobile Robot 1 Printing current info in table ....
[t=2] Current Goal 0: [Distance]: 0 [Angle]: 0
[t=2] Not Updating Odometry!
[t=2] Current Goal 1: [Distance]: 0 [Angle]: 0
[t=2] Not Updating Odometry!
[t=2] Mobile Robot 1 is RANDOM_EXPLORE!
[t=2] 
[t=2] Mobile Robot 1 employing NO_TURN! 
[t=2] Mobile Robot is broadcasting this table: 
[t=2] [Goal 0: [Age: 0], [Angle: 0], [Distance: 0], 
[t=2] [Goal 1: [Age: 0], [Angle: 0], [Distance: 0], 
[t=2] Mobile Robot 1 broadcasting CByteArray [ 99 0 0 0 0 0 0 0 0 0 0 0 0 0 0 0 0 0 0 0 0 0 0 0 0 0 0 0 0 0 0 0 0 0 0 0 0 0 0 0 0 0 0 0 0 0 0 0 0 0 0 0 0 0 0 0 0 0 0 0 0 0 0 0 0 0 0 0 0 0 0 0 0 0 0 0 0 0 0 0 0 0 0 0 0 0 0 0 0 0 0 0 0 0 0 0 0 0 0 0 0 ]
[t=2] 
[t=2] Mobile Robot 2 Printing current info in table ....
[t=2] Current Goal 0: [Distance]: 0 [Angle]: 0
[t=2] Not Updating Odometry!
[t=2] Current Goal 1: [Distance]: 0 [Angle]: 0
[t=2] Not Updating Odometry!
[t=2] Mobile Robot 2 is RANDOM_EXPLORE!
[t=2] 
[t=2] Mobile Robot 2 employing NO_TURN! 
[t=2] Mobile Robot is broadcasting this table: 
[t=2] [Goal 0: [Age: 0], [Angle: 0], [Distance: 0], 
[t=2] [Goal 1: [Age: 0], [Angle: 0], [Distance: 0], 
[t=2] Mobile Robot 2 broadcasting CByteArray [ 99 0 0 0 0 0 0 0 0 0 0 0 0 0 0 0 0 0 0 0 0 0 0 0 0 0 0 0 0 0 0 0 0 0 0 0 0 0 0 0 0 0 0 0 0 0 0 0 0 0 0 0 0 0 0 0 0 0 0 0 0 0 0 0 0 0 0 0 0 0 0 0 0 0 0 0 0 0 0 0 0 0 0 0 0 0 0 0 0 0 0 0 0 0 0 0 0 0 0 0 0 ]
[t=2] 
[t=2] Mobile Robot 3 Printing current info in table ....
[t=2] Current Goal 0: [Distance]: 0 [Angle]: 0
[t=2] Not Updating Odometry!
[t=2] Current Goal 1: [Distance]: 0 [Angle]: 0
[t=2] Not Updating Odometry!
[t=2] Mobile Robot 3 is RANDOM_EXPLORE!
[t=2] 
[t=2] Mobile Robot 3 employing NO_TURN! 
[t=2] Mobile Robot is broadcasting this table: 
[t=2] [Goal 0: [Age: 0], [Angle: 0], [Distance: 0], 
[t=2] [Goal 1: [Age: 1], [Angle: -3.07362], [Distance: 208.566], 
[t=2] Mobile Robot 3 broadcasting CByteArray [ 99 0 0 0 0 0 0 0 0 0 0 0 0 0 0 0 0 0 0 0 0 0 0 0 0 0 0 0 0 0 0 0 0 0 0 0 0 0 0 0 0 0 0 0 0 0 0 0 0 0 0 0 0 0 0 0 0 0 0 0 1 0 0 0 1 0 0 0 0 187 73 187 114 98 221 231 255 0 0 0 2 0 0 0 0 80 144 206 249 181 2 192 1 0 0 0 8 0 0 0 0 ]
[t=2] 
[t=2] Mobile Robot 4 Printing current info in table ....
[t=2] Current Goal 0: [Distance]: 0 [Angle]: 0
[t=2] Not Updating Odometry!
[t=2] Current Goal 1: [Distance]: 0 [Angle]: 0
[t=2] Not Updating Odometry!
[t=2] Mobile Robot 4 is RANDOM_EXPLORE!
[t=2] 
[t=2] Mobile Robot 4 employing NO_TURN! 
[t=2] Mobile Robot is broadcasting this table: 
[t=2] [Goal 0: [Age: 1], [Angle: -1.33229], [Distance: 287.277], 
[t=2] [Goal 1: [Age: 0], [Angle: 0], [Distance: 0], 
[t=2] Mobile Robot 4 broadcasting CByteArray [ 99 0 0 0 0 0 0 0 0 0 0 0 1 0 0 0 1 0 0 0 0 213 119 171 80 153 125 15 255 0 0 0 1 0 0 0 0 15 163 103 215 156 255 216 1 0 0 0 9 0 0 0 0 0 0 0 0 0 0 0 0 0 0 0 0 0 0 0 0 0 0 0 0 0 0 0 0 0 0 0 0 0 0 0 0 0 0 0 0 0 0 0 0 0 0 0 0 0 0 0 0 ]
[t=2] 
[t=2] Mobile Robot 5 Printing current info in table ....
[t=2] Current Goal 0: [Distance]: 0 [Angle]: 0
[t=2] Not Updating Odometry!
[t=2] Current Goal 1: [Distance]: 0 [Angle]: 0
[t=2] Not Updating Odometry!
[t=2] Mobile Robot 5 is RANDOM_EXPLORE!
[t=2] 
[t=2] Mobile Robot 5 employing NO_TURN! 
[t=2] Mobile Robot is broadcasting this table: 
[t=2] [Goal 0: [Age: 0], [Angle: 0], [Distance: 0], 
[t=2] [Goal 1: [Age: 0], [Angle: 0], [Distance: 0], 
[t=2] Mobile Robot 5 broadcasting CByteArray [ 99 0 0 0 0 0 0 0 0 0 0 0 0 0 0 0 0 0 0 0 0 0 0 0 0 0 0 0 0 0 0 0 0 0 0 0 0 0 0 0 0 0 0 0 0 0 0 0 0 0 0 0 0 0 0 0 0 0 0 0 0 0 0 0 0 0 0 0 0 0 0 0 0 0 0 0 0 0 0 0 0 0 0 0 0 0 0 0 0 0 0 0 0 0 0 0 0 0 0 0 0 ]
[t=2] 
[t=2] Mobile Robot 6 Printing current info in table ....
[t=2] Current Goal 0: [Distance]: 0 [Angle]: 0
[t=2] Not Updating Odometry!
[t=2] Current Goal 1: [Distance]: 0 [Angle]: 0
[t=2] Not Updating Odometry!
[t=2] Mobile Robot 6 is RANDOM_EXPLORE!
[t=2] 
[t=2] Mobile Robot 6 employing NO_TURN! 
[t=2] Mobile Robot is broadcasting this table: 
[t=2] [Goal 0: [Age: 0], [Angle: 0], [Distance: 0], 
[t=2] [Goal 1: [Age: 0], [Angle: 0], [Distance: 0], 
[t=2] Mobile Robot 6 broadcasting CByteArray [ 99 0 0 0 0 0 0 0 0 0 0 0 0 0 0 0 0 0 0 0 0 0 0 0 0 0 0 0 0 0 0 0 0 0 0 0 0 0 0 0 0 0 0 0 0 0 0 0 0 0 0 0 0 0 0 0 0 0 0 0 0 0 0 0 0 0 0 0 0 0 0 0 0 0 0 0 0 0 0 0 0 0 0 0 0 0 0 0 0 0 0 0 0 0 0 0 0 0 0 0 0 ]
[t=2] 
[t=2] Mobile Robot 7 Printing current info in table ....
[t=2] Current Goal 0: [Distance]: 0 [Angle]: 0
[t=2] Not Updating Odometry!
[t=2] Current Goal 1: [Distance]: 0 [Angle]: 0
[t=2] Not Updating Odometry!
[t=2] Mobile Robot 7 is RANDOM_EXPLORE!
[t=2] 
[t=2] Mobile Robot 7 employing NO_TURN! 
[t=2] Mobile Robot is broadcasting this table: 
[t=2] [Goal 0: [Age: 0], [Angle: 0], [Distance: 0], 
[t=2] [Goal 1: [Age: 0], [Angle: 0], [Distance: 0], 
[t=2] Mobile Robot 7 broadcasting CByteArray [ 99 0 0 0 0 0 0 0 0 0 0 0 0 0 0 0 0 0 0 0 0 0 0 0 0 0 0 0 0 0 0 0 0 0 0 0 0 0 0 0 0 0 0 0 0 0 0 0 0 0 0 0 0 0 0 0 0 0 0 0 0 0 0 0 0 0 0 0 0 0 0 0 0 0 0 0 0 0 0 0 0 0 0 0 0 0 0 0 0 0 0 0 0 0 0 0 0 0 0 0 0 ]
[t=2] 
[t=2] Mobile Robot 8 Printing current info in table ....
[t=2] Current Goal 0: [Distance]: 0 [Angle]: 0
[t=2] Not Updating Odometry!
[t=2] Current Goal 1: [Distance]: 0 [Angle]: 0
[t=2] Not Updating Odometry!
[t=2] Mobile Robot 8 is RANDOM_EXPLORE!
[t=2] 
[t=2] Mobile Robot 8 employing NO_TURN! 
[t=2] Mobile Robot is broadcasting this table: 
[t=2] [Goal 0: [Age: 0], [Angle: 0], [Distance: 0], 
[t=2] [Goal 1: [Age: 0], [Angle: 0], [Distance: 0], 
[t=2] Mobile Robot 8 broadcasting CByteArray [ 99 0 0 0 0 0 0 0 0 0 0 0 0 0 0 0 0 0 0 0 0 0 0 0 0 0 0 0 0 0 0 0 0 0 0 0 0 0 0 0 0 0 0 0 0 0 0 0 0 0 0 0 0 0 0 0 0 0 0 0 0 0 0 0 0 0 0 0 0 0 0 0 0 0 0 0 0 0 0 0 0 0 0 0 0 0 0 0 0 0 0 0 0 0 0 0 0 0 0 0 0 ]
[t=2] 
[t=2] Mobile Robot 9 Printing current info in table ....
[t=2] Current Goal 0: [Distance]: 0 [Angle]: 0
[t=2] Not Updating Odometry!
[t=2] Current Goal 1: [Distance]: 0 [Angle]: 0
[t=2] Not Updating Odometry!
[t=2] Mobile Robot 9 is RANDOM_EXPLORE!
[t=2] 
[t=2] Mobile Robot 9 employing NO_TURN! 
[t=2] Mobile Robot is broadcasting this table: 
[t=2] [Goal 0: [Age: 0], [Angle: 0], [Distance: 0], 
[t=2] [Goal 1: [Age: 0], [Angle: 0], [Distance: 0], 
[t=2] Mobile Robot 9 broadcasting CByteArray [ 99 0 0 0 0 0 0 0 0 0 0 0 0 0 0 0 0 0 0 0 0 0 0 0 0 0 0 0 0 0 0 0 0 0 0 0 0 0 0 0 0 0 0 0 0 0 0 0 0 0 0 0 0 0 0 0 0 0 0 0 0 0 0 0 0 0 0 0 0 0 0 0 0 0 0 0 0 0 0 0 0 0 0 0 0 0 0 0 0 0 0 0 0 0 0 0 0 0 0 0 0 ]
[t=2] 